<?xml version="1.0" encoding="UTF-8"?>
<!-- Generated by org.testng.reporters.JUnitXMLReporter -->
<testsuite ignored="2" hostname="LuragonPC" failures="0" tests="1" name="Default test" time="36.198" errors="0" timestamp="2021-04-05T16:27:42 CDT">
  <testcase classname="PageFactoryTest" name="addProductSearch" time="25.258"/>
  <testcase classname="PageFactoryTest" name="addProductMain" time="0.0">
    <ignored/>
  </testcase> <!-- addProductMain -->
  <testcase classname="PageFactoryTest" name="addProductMenu" time="0.0">
    <ignored/>
  </testcase> <!-- addProductMenu -->
</testsuite> <!-- Default test -->
