<?xml version="1.0" encoding="UTF-8"?>
<testng-results ignored="0" total="2" passed="2" failed="0" skipped="0">
  <reporter-output>
  </reporter-output>
  <suite started-at="2021-03-31T15:41:38 CST" name="Default suite" finished-at="2021-03-31T15:42:38 CST" duration-ms="59919">
    <groups>
    </groups>
    <test started-at="2021-03-31T15:41:38 CST" name="Default test" finished-at="2021-03-31T15:42:38 CST" duration-ms="59919">
      <class name="CreateAccountTest">
        <test-method is-config="true" signature="setBaseURL()[pri:0, instance:CreateAccountTest@51f116b8]" started-at="2021-03-31T15:41:38 CST" name="setBaseURL" finished-at="2021-03-31T15:41:45 CST" duration-ms="7496" status="PASS">
          <reporter-output>
          </reporter-output>
        </test-method> <!-- setBaseURL -->
        <test-method signature="Sign_Up()[pri:0, instance:CreateAccountTest@51f116b8]" started-at="2021-03-31T15:41:45 CST" name="Sign_Up" finished-at="2021-03-31T15:41:55 CST" duration-ms="9665" status="PASS">
          <reporter-output>
          </reporter-output>
        </test-method> <!-- Sign_Up -->
        <test-method signature="fillInformation()[pri:0, instance:CreateAccountTest@51f116b8]" started-at="2021-03-31T15:41:55 CST" name="fillInformation" finished-at="2021-03-31T15:42:37 CST" duration-ms="42149" status="PASS">
          <reporter-output>
          </reporter-output>
        </test-method> <!-- fillInformation -->
        <test-method is-config="true" signature="endSession()[pri:0, instance:CreateAccountTest@51f116b8]" started-at="2021-03-31T15:42:37 CST" name="endSession" finished-at="2021-03-31T15:42:38 CST" duration-ms="592" status="PASS">
          <reporter-output>
          </reporter-output>
        </test-method> <!-- endSession -->
      </class> <!-- CreateAccountTest -->
    </test> <!-- Default test -->
  </suite> <!-- Default suite -->
</testng-results>
